Number of CPUs detected by Python: 48
OMP_NUM_THREADS: 
MKL_NUM_THREADS: 
Seed: 27
CPU usage per core: [100.0, 100.0, 100.0, 100.0, 100.0, 0.6, 0.0, 100.0, 7.5, 100.0, 100.0, 0.6, 0.6, 100.0, 100.0, 100.0, 0.6, 0.0, 0.0, 99.4, 0.0, 99.4, 80.7, 0.0, 0.6, 0.6, 0.0, 1.7, 0.0, 100.0, 100.0, 0.6, 100.0, 1.2, 0.6, 100.0, 100.0, 1.2, 0.6, 0.6, 100.0, 100.0, 100.0, 0.0, 100.0, 1.7, 0.0, 100.0]
Average CPU usage: 49.974999999999994
CPU usage per core: [100.0, 100.0, 100.0, 100.0, 100.0, 0.5, 1.5, 100.0, 0.5, 100.0, 100.0, 1.0, 0.5, 100.0, 100.0, 100.0, 0.5, 0.5, 0.0, 100.0, 0.0, 100.0, 0.0, 0.0, 0.5, 0.5, 0.5, 0.5, 1.0, 100.0, 100.0, 0.5, 100.0, 0.5, 0.5, 100.0, 100.0, 0.5, 0.5, 0.5, 100.0, 100.0, 100.0, 0.5, 100.0, 1.0, 100.0, 100.0]
Average CPU usage: 50.260416666666664
CPU usage per core: [100.0, 92.6, 95.1, 100.0, 94.6, 28.7, 22.3, 100.0, 4.9, 99.0, 93.1, 2.5, 0.5, 95.6, 100.0, 90.1, 3.9, 25.1, 30.5, 100.0, 13.8, 98.0, 31.9, 20.7, 0.0, 25.5, 25.5, 0.5, 22.8, 99.5, 99.0, 0.5, 100.0, 24.6, 23.5, 100.0, 100.0, 23.3, 5.9, 25.9, 100.0, 99.5, 100.0, 28.2, 100.0, 26.2, 98.0, 100.0]
Average CPU usage: 57.73541666666667
CPU usage per core: [94.2, 92.2, 97.6, 97.5, 98.0, 97.1, 97.1, 98.5, 96.1, 95.1, 95.1, 91.2, 96.6, 93.1, 97.6, 94.6, 99.0, 93.7, 98.5, 99.5, 98.0, 97.6, 100.0, 100.0, 96.1, 98.0, 99.0, 92.6, 98.0, 97.1, 97.6, 89.3, 99.5, 96.6, 99.5, 98.0, 97.6, 100.0, 96.6, 88.2, 97.6, 99.0, 100.0, 99.0, 100.0, 100.0, 99.5, 100.0]
Average CPU usage: 97.0145833333333
CPU usage per core: [98.0, 98.5, 96.6, 97.1, 98.5, 94.1, 96.1, 94.6, 95.1, 96.1, 98.1, 95.1, 98.0, 89.3, 94.6, 95.6, 97.1, 97.6, 100.0, 98.0, 98.5, 100.0, 100.0, 100.0, 96.6, 96.6, 97.1, 93.7, 94.7, 99.0, 97.5, 99.0, 91.2, 99.0, 95.1, 87.3, 92.2, 96.1, 96.1, 99.0, 96.1, 95.6, 99.0, 99.5, 100.0, 100.0, 99.5, 99.5]
Average CPU usage: 96.79166666666663
CPU usage per core: [98.5, 100.0, 98.5, 91.5, 97.0, 96.5, 98.5, 99.0, 98.5, 96.5, 99.5, 98.5, 99.5, 93.5, 97.0, 98.0, 99.0, 95.0, 100.0, 100.0, 100.0, 99.0, 100.0, 100.0, 94.0, 93.6, 100.0, 97.5, 99.5, 97.5, 95.5, 88.9, 83.6, 98.0, 97.5, 98.0, 100.0, 99.0, 97.0, 98.5, 98.0, 98.5, 100.0, 100.0, 99.5, 100.0, 100.0, 100.0]
Average CPU usage: 97.65833333333335
CPU usage per core: [99.5, 98.5, 92.0, 95.0, 99.0, 98.5, 92.0, 99.5, 99.5, 97.5, 94.5, 100.0, 97.5, 99.0, 98.5, 100.0, 94.0, 85.5, 98.5, 100.0, 99.0, 100.0, 100.0, 100.0, 91.5, 94.0, 99.0, 97.0, 93.5, 81.4, 99.0, 95.5, 98.0, 98.0, 100.0, 91.5, 99.0, 93.0, 95.0, 93.5, 93.5, 99.5, 100.0, 99.5, 100.0, 99.5, 98.0, 99.5]
Average CPU usage: 96.78958333333333
CPU usage per core: [98.0, 97.0, 99.5, 99.0, 97.5, 98.5, 97.5, 98.5, 99.0, 99.5, 98.0, 91.5, 100.0, 97.5, 98.0, 94.5, 98.5, 100.0, 100.0, 100.0, 100.0, 100.0, 100.0, 100.0, 98.0, 94.5, 95.5, 99.0, 99.0, 80.2, 98.0, 96.0, 100.0, 98.5, 99.0, 99.5, 100.0, 98.0, 96.5, 95.0, 99.5, 95.5, 100.0, 100.0, 100.0, 100.0, 100.0, 100.0]
Average CPU usage: 97.99374999999999
CPU usage per core: [98.5, 99.5, 96.5, 98.0, 97.5, 99.0, 96.0, 93.0, 71.0, 100.0, 99.5, 90.5, 100.0, 98.5, 99.5, 99.0, 98.0, 99.5, 100.0, 100.0, 100.0, 100.0, 100.0, 100.0, 98.0, 93.5, 100.0, 97.0, 96.0, 92.0, 94.0, 99.0, 97.0, 97.5, 96.5, 99.0, 100.0, 97.0, 97.0, 97.5, 92.0, 87.1, 100.0, 100.0, 100.0, 100.0, 100.0, 100.0]
Average CPU usage: 97.15833333333335
CPU usage per core: [99.5, 98.0, 99.0, 98.5, 98.0, 98.5, 99.5, 99.0, 97.0, 98.5, 98.5, 99.5, 99.0, 95.0, 97.5, 98.5, 98.0, 97.5, 100.0, 100.0, 100.0, 100.0, 100.0, 100.0, 93.5, 95.5, 97.5, 96.0, 99.0, 97.0, 98.5, 98.0, 93.5, 98.5, 97.0, 99.0, 99.5, 99.5, 97.5, 89.6, 98.5, 99.0, 100.0, 100.0, 100.0, 100.0, 100.0, 100.0]
Average CPU usage: 98.24166666666667
CPU usage per core: [99.5, 99.5, 99.0, 98.5, 99.5, 99.0, 99.0, 97.5, 99.0, 98.5, 100.0, 98.5, 98.5, 99.5, 96.0, 99.0, 98.5, 99.5, 100.0, 100.0, 100.0, 100.0, 100.0, 100.0, 96.0, 99.5, 99.0, 98.5, 99.0, 98.5, 99.5, 99.0, 99.5, 98.0, 99.0, 99.5, 98.0, 99.0, 98.0, 95.5, 97.0, 100.0, 100.0, 100.0, 100.0, 100.0, 100.0, 100.0]
Average CPU usage: 98.97916666666667
CPU usage per core: [99.5, 97.5, 98.0, 98.0, 99.5, 97.5, 98.5, 99.0, 99.0, 98.5, 100.0, 97.5, 100.0, 98.0, 99.0, 100.0, 92.5, 98.5, 100.0, 100.0, 100.0, 100.0, 100.0, 100.0, 99.0, 97.0, 98.0, 99.0, 97.5, 98.0, 99.0, 97.5, 96.5, 99.0, 100.0, 99.0, 100.0, 99.0, 99.0, 99.5, 98.0, 99.0, 100.0, 100.0, 100.0, 100.0, 100.0, 100.0]
Average CPU usage: 98.84375
CPU usage per core: [93.1, 96.0, 98.0, 95.0, 100.0, 99.5, 99.5, 96.0, 99.0, 98.5, 97.5, 99.5, 98.0, 99.5, 99.0, 35.5, 99.0, 99.0, 100.0, 100.0, 100.0, 100.0, 100.0, 100.0, 99.0, 98.0, 99.0, 99.0, 99.0, 97.5, 100.0, 98.0, 100.0, 98.5, 96.5, 99.5, 97.5, 98.5, 92.5, 99.5, 99.0, 98.0, 100.0, 100.0, 100.0, 100.0, 100.0, 100.0]
Average CPU usage: 97.30416666666667
CPU usage per core: [97.5, 97.5, 98.5, 97.5, 99.0, 98.0, 97.5, 90.0, 99.5, 99.0, 97.0, 99.0, 99.0, 98.0, 98.5, 90.0, 100.0, 99.5, 100.0, 100.0, 99.5, 100.0, 100.0, 100.0, 99.5, 95.5, 97.0, 99.5, 99.0, 98.5, 98.5, 100.0, 99.0, 99.0, 98.5, 97.0, 100.0, 98.5, 98.5, 91.0, 100.0, 99.5, 100.0, 100.0, 100.0, 100.0, 100.0, 100.0]
Average CPU usage: 98.39583333333333
CPU usage per core: [98.0, 96.5, 98.0, 99.5, 98.5, 99.0, 99.5, 95.0, 99.0, 98.5, 99.0, 99.5, 98.0, 98.5, 99.0, 98.5, 99.0, 98.0, 100.0, 100.0, 100.0, 100.0, 100.0, 100.0, 98.5, 99.0, 98.0, 98.5, 100.0, 96.0, 99.5, 100.0, 100.0, 98.5, 99.5, 99.5, 98.5, 99.5, 99.0, 97.5, 100.0, 99.5, 100.0, 100.0, 100.0, 100.0, 100.0, 100.0]
Average CPU usage: 99.0
CPU usage per core: [91.0, 96.5, 99.5, 97.0, 95.5, 95.0, 98.0, 90.0, 99.5, 98.5, 95.0, 94.5, 92.5, 79.5, 92.0, 80.1, 77.4, 93.0, 100.0, 99.0, 99.0, 98.0, 100.0, 98.0, 100.0, 92.0, 98.0, 96.5, 93.0, 98.5, 93.0, 98.0, 95.5, 99.0, 91.6, 97.5, 98.5, 99.5, 100.0, 97.0, 99.5, 97.0, 100.0, 96.5, 100.0, 97.0, 100.0, 100.0]
Average CPU usage: 95.75208333333335
CPU usage per core: [99.5, 98.0, 100.0, 99.5, 98.5, 97.5, 99.0, 100.0, 99.0, 98.5, 98.5, 99.0, 98.5, 98.0, 98.5, 97.0, 94.1, 98.5, 100.0, 100.0, 100.0, 100.0, 100.0, 100.0, 99.0, 99.5, 100.0, 99.0, 98.5, 97.0, 99.0, 91.5, 99.0, 98.5, 97.0, 99.5, 99.0, 99.5, 99.0, 99.5, 98.0, 97.5, 100.0, 100.0, 100.0, 99.5, 100.0, 100.0]
Average CPU usage: 98.77291666666667
CPU usage per core: [99.0, 98.5, 97.5, 100.0, 97.5, 99.5, 99.0, 99.0, 99.5, 99.0, 98.5, 98.5, 98.5, 99.0, 99.0, 98.5, 98.5, 98.5, 100.0, 100.0, 100.0, 100.0, 100.0, 100.0, 99.5, 99.5, 99.5, 91.0, 99.0, 98.5, 98.0, 99.5, 99.5, 98.0, 99.5, 99.0, 98.5, 99.0, 98.5, 99.5, 98.5, 99.0, 100.0, 100.0, 100.0, 100.0, 100.0, 100.0]
Average CPU usage: 98.97916666666667
CPU usage per core: [99.5, 96.1, 98.5, 97.1, 98.0, 98.5, 99.0, 98.0, 99.0, 98.0, 96.1, 97.1, 99.0, 99.0, 98.0, 100.0, 99.0, 98.0, 100.0, 100.0, 100.0, 100.0, 100.0, 100.0, 98.0, 98.5, 99.0, 98.5, 98.0, 99.0, 98.5, 98.5, 98.0, 98.5, 97.5, 98.5, 99.0, 96.1, 97.6, 98.0, 100.0, 98.5, 100.0, 100.0, 100.0, 99.5, 100.0, 100.0]
Average CPU usage: 98.68958333333332
CPU usage per core: [98.0, 98.5, 98.5, 98.5, 100.0, 98.0, 99.0, 98.5, 99.0, 99.5, 99.0, 98.0, 99.5, 99.5, 99.0, 97.5, 98.5, 98.5, 100.0, 100.0, 100.0, 100.0, 100.0, 100.0, 100.0, 98.0, 99.5, 98.5, 100.0, 98.5, 98.5, 99.0, 100.0, 98.5, 98.0, 98.0, 99.0, 99.0, 99.0, 99.0, 99.0, 99.0, 100.0, 100.0, 100.0, 100.0, 100.0, 100.0]
Average CPU usage: 99.11458333333333
CPU usage per core: [99.0, 98.0, 99.0, 97.5, 99.5, 99.0, 99.0, 98.5, 98.0, 98.5, 99.5, 97.5, 99.0, 99.0, 98.5, 97.5, 97.0, 97.0, 100.0, 100.0, 100.0, 100.0, 100.0, 100.0, 98.0, 98.5, 98.0, 96.6, 100.0, 97.1, 98.0, 98.0, 99.5, 99.0, 99.0, 98.5, 99.5, 96.6, 99.5, 99.0, 99.0, 97.5, 100.0, 100.0, 100.0, 100.0, 100.0, 100.0]
Average CPU usage: 98.79791666666665
CPU usage per core: [99.0, 98.0, 99.5, 97.0, 99.5, 97.5, 99.0, 98.5, 99.5, 98.5, 98.5, 99.5, 98.5, 92.0, 97.5, 98.5, 98.5, 99.0, 100.0, 100.0, 100.0, 100.0, 99.5, 100.0, 100.0, 97.0, 98.0, 98.0, 99.5, 99.0, 100.0, 99.0, 97.5, 98.5, 98.0, 99.0, 98.5, 98.5, 99.0, 99.0, 100.0, 96.5, 100.0, 100.0, 100.0, 100.0, 100.0, 100.0]
Average CPU usage: 98.80208333333333
CPU usage per core: [100.0, 98.0, 98.0, 97.0, 99.5, 98.5, 99.5, 98.5, 97.5, 98.0, 98.5, 98.5, 100.0, 99.0, 98.5, 97.5, 100.0, 100.0, 100.0, 100.0, 100.0, 100.0, 100.0, 100.0, 100.0, 98.0, 99.5, 99.0, 99.5, 97.0, 97.0, 99.5, 100.0, 98.5, 99.0, 98.5, 100.0, 98.0, 98.5, 99.5, 99.5, 98.5, 100.0, 100.0, 100.0, 100.0, 100.0, 100.0]
Average CPU usage: 99.08333333333333
CPU usage per core: [98.5, 97.0, 99.5, 96.5, 100.0, 97.5, 99.0, 98.5, 99.5, 98.5, 100.0, 98.5, 97.5, 98.5, 99.5, 96.0, 97.5, 99.0, 100.0, 100.0, 100.0, 100.0, 100.0, 100.0, 95.5, 96.5, 100.0, 95.5, 99.0, 99.0, 97.5, 99.0, 98.5, 98.5, 100.0, 98.0, 99.0, 99.5, 98.5, 99.0, 99.5, 97.5, 100.0, 100.0, 100.0, 100.0, 100.0, 100.0]
Average CPU usage: 98.77083333333333
CPU usage per core: [98.0, 99.0, 98.5, 94.6, 100.0, 97.5, 100.0, 97.0, 99.5, 97.6, 98.0, 98.5, 99.0, 98.0, 98.5, 99.0, 98.5, 93.6, 100.0, 100.0, 100.0, 100.0, 100.0, 100.0, 99.5, 89.7, 99.5, 99.0, 100.0, 96.6, 98.0, 97.6, 97.5, 99.0, 97.1, 97.5, 99.5, 98.0, 95.0, 99.0, 99.0, 99.5, 100.0, 100.0, 100.0, 100.0, 100.0, 100.0]
Average CPU usage: 98.45416666666665
CPU usage per core: [99.0, 98.0, 97.5, 98.0, 97.5, 98.5, 97.5, 98.5, 99.0, 99.0, 97.5, 98.5, 99.0, 99.5, 99.0, 98.0, 99.0, 99.5, 100.0, 100.0, 100.0, 100.0, 100.0, 100.0, 98.5, 98.5, 100.0, 99.5, 98.5, 98.5, 99.5, 94.0, 99.0, 98.0, 97.0, 99.0, 99.5, 98.5, 98.5, 91.6, 97.0, 98.0, 100.0, 100.0, 100.0, 100.0, 100.0, 100.0]
Average CPU usage: 98.65833333333335
CPU usage per core: [98.5, 98.5, 97.5, 97.5, 90.1, 97.0, 96.5, 93.6, 99.0, 99.0, 97.5, 99.0, 98.0, 97.5, 100.0, 93.5, 94.6, 98.5, 100.0, 100.0, 100.0, 99.5, 100.0, 99.5, 98.0, 93.6, 95.5, 98.0, 99.0, 93.5, 98.0, 95.0, 99.5, 99.0, 97.5, 98.0, 99.0, 98.0, 96.6, 99.0, 98.5, 91.1, 100.0, 100.0, 100.0, 98.5, 100.0, 98.0]
Average CPU usage: 97.66875
CPU usage per core: [98.0, 96.0, 98.0, 98.0, 99.0, 98.5, 98.5, 98.5, 98.5, 98.0, 98.5, 98.5, 99.5, 98.0, 99.0, 98.5, 100.0, 99.0, 100.0, 100.0, 100.0, 100.0, 100.0, 100.0, 98.5, 99.0, 99.0, 99.0, 99.0, 97.5, 99.5, 97.0, 98.5, 98.5, 98.5, 97.5, 100.0, 98.0, 100.0, 97.5, 100.0, 99.0, 100.0, 100.0, 100.0, 100.0, 100.0, 100.0]
Average CPU usage: 98.91666666666667
CPU usage per core: [99.0, 99.0, 96.5, 99.0, 94.5, 98.0, 99.0, 98.5, 100.0, 98.0, 98.5, 99.0, 97.0, 99.0, 100.0, 99.0, 98.0, 99.5, 100.0, 100.0, 100.0, 100.0, 100.0, 99.5, 98.0, 98.0, 99.5, 98.5, 100.0, 98.5, 100.0, 98.5, 100.0, 98.5, 98.0, 98.0, 98.5, 98.0, 99.5, 98.5, 99.0, 99.5, 100.0, 100.0, 100.0, 100.0, 100.0, 100.0]
Average CPU usage: 98.94791666666667
CPU usage per core: [98.5, 99.0, 100.0, 99.0, 99.5, 98.5, 99.0, 97.0, 88.0, 98.0, 98.5, 98.0, 97.5, 90.5, 96.5, 99.0, 98.5, 96.0, 100.0, 100.0, 100.0, 100.0, 100.0, 100.0, 98.0, 94.5, 97.0, 98.5, 99.0, 98.5, 98.0, 99.0, 99.0, 98.5, 98.0, 98.5, 99.0, 98.0, 100.0, 98.5, 99.0, 100.0, 100.0, 100.0, 100.0, 100.0, 100.0, 100.0]
Average CPU usage: 98.375
CPU usage per core: [97.5, 99.5, 99.5, 98.0, 99.5, 83.7, 98.5, 98.5, 92.0, 98.0, 98.5, 99.0, 99.0, 98.0, 100.0, 99.5, 97.5, 99.0, 100.0, 100.0, 100.0, 99.5, 100.0, 100.0, 99.0, 99.0, 97.0, 97.5, 99.5, 99.0, 97.5, 99.0, 97.5, 98.5, 98.5, 98.5, 100.0, 97.5, 99.0, 97.5, 98.5, 97.0, 100.0, 100.0, 100.0, 100.0, 100.0, 100.0]
Average CPU usage: 98.43124999999999
CPU usage per core: [99.0, 98.5, 99.5, 93.0, 99.0, 97.0, 98.0, 98.0, 99.0, 98.0, 98.5, 100.0, 99.5, 99.0, 100.0, 98.5, 99.0, 99.5, 100.0, 100.0, 100.0, 100.0, 100.0, 100.0, 98.5, 98.5, 97.5, 92.5, 100.0, 97.5, 97.5, 99.0, 99.5, 98.5, 98.5, 99.0, 99.5, 97.5, 99.0, 99.5, 99.0, 99.0, 100.0, 100.0, 100.0, 100.0, 100.0, 100.0]
Average CPU usage: 98.8125
CPU usage per core: [98.0, 100.0, 99.5, 99.5, 99.0, 98.0, 99.0, 99.0, 98.5, 99.0, 99.0, 98.0, 99.0, 98.5, 99.5, 92.0, 99.5, 98.0, 100.0, 100.0, 100.0, 100.0, 100.0, 100.0, 98.0, 98.5, 99.0, 96.5, 98.0, 97.0, 98.0, 97.5, 99.5, 99.5, 98.5, 99.5, 94.5, 99.5, 98.5, 99.0, 99.5, 99.5, 100.0, 100.0, 100.0, 100.0, 100.0, 100.0]
Average CPU usage: 98.8125
CPU usage per core: [98.5, 100.0, 97.0, 97.5, 99.5, 100.0, 98.5, 97.5, 99.0, 100.0, 98.5, 98.5, 97.5, 98.0, 99.0, 100.0, 99.5, 97.5, 100.0, 100.0, 100.0, 100.0, 100.0, 100.0, 97.0, 100.0, 97.5, 98.5, 97.0, 99.0, 98.0, 98.0, 98.5, 98.0, 98.5, 98.5, 99.5, 97.0, 99.0, 98.5, 100.0, 99.0, 100.0, 100.0, 100.0, 100.0, 100.0, 100.0]
Average CPU usage: 98.90625
CPU usage per core: [98.5, 100.0, 99.0, 98.5, 99.0, 99.5, 99.5, 95.0, 99.5, 99.0, 98.5, 99.5, 98.0, 97.5, 99.5, 100.0, 100.0, 98.5, 100.0, 100.0, 100.0, 100.0, 100.0, 100.0, 98.5, 99.5, 97.0, 99.0, 98.0, 100.0, 100.0, 98.0, 99.5, 99.0, 99.0, 92.0, 99.0, 99.5, 99.5, 99.5, 99.5, 98.5, 100.0, 100.0, 100.0, 100.0, 100.0, 100.0]
Average CPU usage: 99.04166666666667
CPU usage per core: [98.5, 98.5, 98.6, 98.5, 98.5, 98.1, 98.5, 98.1, 98.5, 100.0, 99.0, 97.6, 99.0, 99.0, 98.5, 96.6, 99.5, 99.0, 100.0, 100.0, 100.0, 100.0, 100.0, 100.0, 98.6, 99.0, 99.0, 98.1, 98.6, 98.1, 98.1, 97.6, 99.5, 99.5, 98.1, 98.5, 99.0, 99.5, 97.6, 99.0, 100.0, 98.5, 100.0, 100.0, 100.0, 100.0, 100.0, 100.0]
Average CPU usage: 98.96458333333332
CPU usage per core: [98.0, 98.5, 98.0, 97.5, 99.5, 98.5, 98.5, 88.5, 97.0, 96.1, 99.0, 99.0, 99.5, 98.0, 100.0, 98.0, 99.0, 99.0, 100.0, 100.0, 100.0, 100.0, 100.0, 100.0, 98.0, 98.5, 98.5, 97.5, 97.5, 98.0, 91.5, 99.0, 98.5, 98.5, 99.0, 88.6, 99.5, 99.5, 98.5, 98.0, 99.0, 99.5, 100.0, 100.0, 100.0, 100.0, 100.0, 100.0]
Average CPU usage: 98.30624999999999
CPU usage per core: [99.0, 99.0, 97.5, 97.5, 98.5, 98.5, 99.0, 98.0, 100.0, 99.5, 100.0, 100.0, 100.0, 97.0, 99.5, 98.0, 99.5, 98.5, 100.0, 100.0, 100.0, 100.0, 100.0, 100.0, 98.5, 96.0, 99.0, 99.0, 98.5, 98.0, 98.5, 99.0, 98.5, 99.0, 99.5, 99.0, 99.5, 98.0, 99.0, 98.5, 97.0, 98.5, 100.0, 100.0, 100.0, 100.0, 100.0, 100.0]
Average CPU usage: 99.0
CPU usage per core: [98.5, 97.0, 99.5, 98.5, 98.5, 99.0, 96.5, 98.5, 100.0, 98.5, 98.5, 100.0, 100.0, 99.0, 98.0, 100.0, 100.0, 99.0, 100.0, 100.0, 100.0, 100.0, 100.0, 100.0, 97.5, 99.5, 99.0, 98.0, 98.0, 98.5, 98.5, 98.5, 99.0, 99.5, 98.5, 99.5, 100.0, 97.5, 98.5, 99.5, 99.5, 99.5, 100.0, 100.0, 100.0, 100.0, 100.0, 100.0]
Average CPU usage: 99.11458333333333
CPU usage per core: [98.5, 98.5, 98.5, 100.0, 99.0, 99.0, 98.5, 99.0, 99.5, 98.0, 98.5, 96.5, 97.0, 98.5, 98.0, 99.5, 100.0, 98.0, 100.0, 100.0, 100.0, 100.0, 100.0, 100.0, 98.0, 98.5, 99.5, 95.5, 98.0, 99.0, 99.0, 96.0, 100.0, 98.5, 98.5, 99.0, 100.0, 99.0, 98.5, 100.0, 100.0, 98.5, 100.0, 100.0, 100.0, 100.0, 100.0, 99.5]
Average CPU usage: 98.94791666666667
CPU usage per core: [98.5, 100.0, 99.0, 98.5, 99.0, 98.0, 99.5, 98.0, 98.5, 98.0, 98.5, 99.0, 100.0, 98.5, 100.0, 99.0, 100.0, 98.5, 100.0, 100.0, 100.0, 100.0, 100.0, 100.0, 98.5, 100.0, 98.0, 99.0, 97.0, 98.5, 98.0, 97.5, 98.5, 98.5, 98.0, 98.0, 99.5, 98.0, 100.0, 97.5, 99.5, 98.0, 100.0, 100.0, 100.0, 100.0, 100.0, 100.0]
Average CPU usage: 99.01041666666667
CPU usage per core: [98.0, 97.0, 90.5, 97.0, 99.0, 99.0, 99.5, 97.5, 100.0, 99.0, 99.0, 98.5, 99.0, 100.0, 99.0, 99.0, 99.5, 98.5, 100.0, 100.0, 100.0, 100.0, 100.0, 100.0, 99.0, 98.5, 97.5, 97.5, 100.0, 98.5, 100.0, 99.5, 99.0, 99.5, 98.0, 99.0, 100.0, 100.0, 98.5, 92.0, 99.0, 99.0, 100.0, 100.0, 100.0, 100.0, 100.0, 100.0]
Average CPU usage: 98.82291666666667
CPU usage per core: [99.0, 98.5, 99.0, 98.5, 99.0, 99.0, 98.0, 99.0, 98.5, 99.0, 98.0, 100.0, 99.5, 96.0, 99.5, 99.0, 99.5, 99.0, 100.0, 100.0, 100.0, 100.0, 100.0, 100.0, 97.5, 93.0, 98.0, 96.5, 97.0, 98.5, 99.0, 65.8, 99.0, 99.5, 99.0, 100.0, 99.5, 98.5, 99.5, 99.5, 99.0, 98.5, 100.0, 100.0, 100.0, 100.0, 100.0, 100.0]
Average CPU usage: 98.23541666666667
CPU usage per core: [98.0, 96.0, 93.6, 96.1, 98.5, 98.5, 99.0, 97.0, 99.5, 99.0, 98.0, 99.0, 96.0, 99.5, 99.0, 98.0, 98.5, 98.0, 100.0, 100.0, 100.0, 100.0, 100.0, 100.0, 98.0, 99.0, 98.5, 99.5, 99.0, 98.0, 100.0, 99.0, 91.6, 91.6, 98.0, 99.5, 100.0, 98.5, 99.0, 99.5, 99.0, 99.0, 100.0, 100.0, 100.0, 100.0, 100.0, 100.0]
Average CPU usage: 98.49791666666665
CPU usage per core: [98.5, 98.5, 98.5, 95.5, 99.0, 98.5, 94.5, 98.5, 98.5, 99.0, 98.5, 99.0, 100.0, 98.5, 99.5, 98.5, 99.0, 98.5, 100.0, 100.0, 100.0, 99.5, 100.0, 100.0, 98.5, 99.5, 99.5, 100.0, 99.5, 98.0, 98.5, 96.0, 99.5, 98.5, 99.5, 97.0, 100.0, 99.0, 99.0, 96.5, 97.5, 98.5, 100.0, 100.0, 100.0, 99.5, 100.0, 100.0]
Average CPU usage: 98.83333333333333
CPU usage per core: [98.5, 99.5, 95.5, 99.5, 97.5, 98.5, 98.0, 98.5, 98.5, 99.5, 98.5, 98.0, 100.0, 97.0, 99.0, 99.5, 98.5, 98.0, 100.0, 100.0, 100.0, 100.0, 100.0, 100.0, 98.0, 98.0, 98.5, 99.5, 99.0, 99.0, 99.0, 99.5, 99.0, 100.0, 98.5, 99.0, 100.0, 99.0, 99.0, 98.5, 92.1, 98.0, 99.5, 100.0, 100.0, 100.0, 100.0, 100.0]
Average CPU usage: 98.85625
CPU usage per core: [98.5, 99.5, 99.0, 96.0, 92.5, 99.0, 99.5, 99.5, 97.5, 99.5, 98.5, 98.0, 98.5, 100.0, 99.5, 100.0, 100.0, 99.0, 100.0, 100.0, 100.0, 100.0, 100.0, 100.0, 98.5, 97.5, 97.5, 98.5, 97.5, 99.0, 99.5, 99.0, 96.5, 98.5, 98.5, 99.5, 98.5, 99.5, 98.0, 98.5, 100.0, 98.0, 100.0, 100.0, 100.0, 100.0, 100.0, 100.0]
Average CPU usage: 98.88541666666667
CPU usage per core: [99.5, 99.0, 99.5, 95.5, 99.0, 98.0, 99.0, 97.0, 100.0, 98.5, 98.5, 99.5, 97.5, 99.0, 99.0, 98.0, 92.5, 98.5, 100.0, 100.0, 100.0, 100.0, 100.0, 100.0, 93.0, 99.5, 100.0, 98.0, 99.0, 98.5, 99.5, 98.5, 98.5, 99.5, 98.5, 98.5, 95.0, 99.0, 99.5, 99.0, 99.0, 99.5, 100.0, 100.0, 100.0, 100.0, 100.0, 100.0]
Average CPU usage: 98.73958333333333
CPU usage per core: [98.5, 98.0, 98.5, 99.0, 99.0, 98.5, 99.0, 98.5, 99.5, 99.5, 98.5, 98.5, 98.5, 99.5, 99.5, 99.5, 99.5, 97.5, 100.0, 100.0, 100.0, 100.0, 100.0, 100.0, 97.0, 94.0, 98.0, 98.5, 98.5, 98.5, 100.0, 90.5, 99.5, 99.0, 98.5, 99.5, 98.5, 99.0, 99.0, 99.0, 100.0, 99.0, 100.0, 100.0, 100.0, 100.0, 100.0, 100.0]
Average CPU usage: 98.85416666666667
CPU usage per core: [99.5, 97.5, 98.0, 98.5, 100.0, 98.5, 99.0, 99.0, 99.0, 97.5, 99.0, 96.0, 99.5, 99.0, 98.5, 99.0, 97.0, 99.0, 100.0, 100.0, 100.0, 100.0, 100.0, 100.0, 99.0, 92.5, 98.5, 99.0, 99.5, 97.5, 99.0, 97.5, 99.5, 99.5, 98.5, 99.0, 99.5, 98.5, 98.0, 98.5, 99.0, 99.0, 100.0, 100.0, 100.0, 100.0, 100.0, 100.0]
Average CPU usage: 98.85416666666667
CPU usage per core: [98.0, 98.5, 98.5, 98.5, 99.0, 99.0, 96.5, 98.5, 99.0, 99.0, 98.5, 96.0, 98.5, 100.0, 98.5, 97.5, 100.0, 97.0, 100.0, 100.0, 100.0, 100.0, 100.0, 100.0, 98.5, 98.5, 98.0, 98.0, 98.0, 99.0, 99.5, 98.5, 99.0, 100.0, 98.5, 98.0, 99.5, 100.0, 98.5, 98.5, 99.0, 97.5, 100.0, 100.0, 100.0, 100.0, 100.0, 100.0]
Average CPU usage: 98.89583333333333
CPU usage per core: [99.0, 96.5, 98.5, 98.5, 99.0, 94.0, 97.5, 98.0, 98.0, 98.0, 98.5, 99.0, 98.5, 99.5, 96.1, 95.5, 97.0, 99.0, 100.0, 100.0, 100.0, 100.0, 100.0, 100.0, 98.0, 98.0, 98.0, 98.5, 98.0, 99.0, 98.5, 98.5, 100.0, 99.0, 98.5, 96.5, 99.0, 99.0, 99.5, 98.5, 98.0, 99.5, 100.0, 100.0, 100.0, 100.0, 100.0, 100.0]
Average CPU usage: 98.62708333333335
CPU usage per core: [97.5, 98.0, 99.0, 99.0, 100.0, 81.0, 99.0, 91.5, 99.0, 99.0, 98.5, 99.0, 100.0, 98.0, 98.0, 98.0, 100.0, 100.0, 100.0, 100.0, 100.0, 100.0, 100.0, 100.0, 99.0, 97.5, 99.0, 98.5, 98.0, 99.5, 100.0, 97.5, 99.0, 98.0, 98.0, 98.5, 100.0, 99.0, 98.0, 96.5, 100.0, 99.5, 100.0, 100.0, 100.0, 100.0, 100.0, 100.0]
Average CPU usage: 98.54166666666667
CPU usage per core: [96.1, 99.5, 98.5, 98.6, 99.0, 98.1, 97.6, 99.0, 99.5, 97.1, 98.1, 98.6, 98.5, 98.5, 99.0, 98.5, 99.0, 99.5, 100.0, 100.0, 100.0, 100.0, 100.0, 100.0, 99.0, 97.6, 99.5, 99.0, 99.0, 96.6, 99.0, 99.5, 100.0, 98.5, 98.6, 98.6, 98.1, 97.1, 98.6, 99.0, 99.0, 98.5, 100.0, 100.0, 100.0, 100.0, 100.0, 100.0]
Average CPU usage: 98.91458333333333
CPU usage per core: [100.0, 98.0, 98.5, 99.0, 98.5, 99.0, 99.5, 98.5, 97.5, 98.5, 98.5, 99.5, 94.6, 98.5, 99.0, 97.0, 100.0, 99.0, 100.0, 100.0, 100.0, 100.0, 100.0, 100.0, 99.5, 95.0, 98.5, 98.0, 99.5, 96.5, 99.0, 99.0, 98.5, 97.5, 98.5, 99.0, 99.0, 98.5, 99.5, 98.5, 100.0, 97.5, 100.0, 100.0, 100.0, 100.0, 100.0, 100.0]
Average CPU usage: 98.84583333333335
CPU usage per core: [97.6, 97.1, 98.5, 98.1, 100.0, 98.5, 99.5, 98.1, 96.6, 99.5, 98.5, 96.6, 98.5, 97.6, 99.0, 92.2, 99.0, 99.5, 100.0, 100.0, 100.0, 100.0, 100.0, 100.0, 99.0, 98.1, 98.6, 99.0, 97.6, 98.0, 98.5, 99.0, 95.1, 96.6, 98.5, 98.1, 97.1, 98.5, 96.6, 98.5, 100.0, 99.5, 100.0, 100.0, 100.0, 100.0, 100.0, 100.0]
Average CPU usage: 98.55624999999998
CPU usage per core: [98.0, 87.1, 95.5, 95.5, 99.5, 99.5, 93.5, 91.5, 89.9, 95.5, 95.5, 95.0, 98.0, 100.0, 96.0, 100.0, 98.0, 99.0, 100.0, 94.6, 92.0, 94.5, 92.0, 97.0, 94.0, 98.5, 98.0, 98.5, 94.0, 57.0, 98.0, 85.1, 98.0, 98.5, 98.5, 97.5, 89.5, 94.0, 98.0, 81.5, 84.6, 98.5, 100.0, 93.0, 92.0, 92.0, 92.5, 92.1]
Average CPU usage: 94.175
Classification Report:
              precision    recall  f1-score   support

           0       1.00      1.00      1.00       116
           1       1.00      1.00      1.00        89
           2       1.00      1.00      1.00       124
           3       1.00      1.00      1.00        77
           4       1.00      1.00      1.00       187
           5       1.00      1.00      1.00        86
           6       1.00      1.00      1.00        78
           7       1.00      1.00      1.00       106
           8       1.00      1.00      1.00        75
           9       1.00      1.00      1.00        81
          10       1.00      1.00      1.00        73
          11       1.00      1.00      1.00       110
          12       1.00      1.00      1.00       107
          13       1.00      1.00      1.00        80
          14       1.00      1.00      1.00       255
          15       1.00      1.00      1.00       107
          16       1.00      1.00      1.00        81
          17       1.00      1.00      1.00       196
          18       1.00      1.00      1.00       129
          19       1.00      1.00      1.00        72
          20       1.00      1.00      1.00       109
          21       1.00      1.00      1.00        67
          22       1.00      1.00      1.00       265

    accuracy                           1.00      2670
   macro avg       1.00      1.00      1.00      2670
weighted avg       1.00      1.00      1.00      2670


Feature ranking:
1.  average_B (0.0397)
2.  average_L (0.0304)
3.  oklab_hue_histogram_4 (0.0300)
4.  average_A (0.0286)
5.  average_lightness_per_region_0 (0.0275)
6.  oklab_hue_histogram_3 (0.0267)
7.  oklab_hue_histogram_2 (0.0264)
8.  oklab_hue_angle (0.0263)
9.  oklab_hue_histogram_5 (0.0252)
10.  oklab_hue_histogram_0 (0.0245)
11.  average_lightness_per_region_1 (0.0238)
12.  oklab_hue_histogram_1 (0.0235)
13.  oklab_hue_histogram_6 (0.0231)
14.  oklab_hue_histogram_7 (0.0227)
15.  average_lightness_per_region_3 (0.0227)
16.  average_lightness_per_region_2 (0.0220)
17.  average_lightness_per_region_4 (0.0219)
18.  average_hue_angle_per_region_0 (0.0212)
19.  mass_variance_1 (0.0208)
20.  mass_variance_0 (0.0208)
21.  oklab_hue_histogram_16 (0.0202)
22.  oklab_hue_histogram_8 (0.0201)
23.  oklab_hue_histogram_19 (0.0200)
24.  horizontal_coords_0 (0.0198)
25.  oklab_hue_histogram_18 (0.0197)
26.  mass_variance_2 (0.0196)
27.  horizontal_coords_1 (0.0196)
28.  oklab_hue_histogram_9 (0.0193)
29.  average_hue_angle_per_region_2 (0.0193)
30.  average_hue_angle_per_region_3 (0.0191)
31.  average_hue_angle_per_region_4 (0.0191)
32.  average_hue_angle_per_region_1 (0.0191)
33.  oklab_hue_histogram_17 (0.0190)
34.  oklab_hue_histogram_13 (0.0189)
35.  oklab_hue_histogram_14 (0.0187)
36.  oklab_hue_histogram_15 (0.0187)
37.  horizontal_coords_2 (0.0186)
38.  vertical_coords_2 (0.0186)
39.  vertical_coords_1 (0.0184)
40.  mass_skewness_1 (0.0184)
41.  mass_skewness_2 (0.0184)
42.  mass_skewness_0 (0.0183)
43.  vertical_coords_0 (0.0183)
44.  oklab_hue_histogram_10 (0.0183)
45.  oklab_hue_histogram_12 (0.0180)
46.  oklab_hue_histogram_11 (0.0170)
