
/apps/chpc/cuda/12.4/lib64:/apps/chpc/bio/gnu-build/tbb-2018_U2/build/linux_intel64_gcc_cc7.2.0_libc2.17_kernel3.10.0_release
/apps/chpc/cuda/12.4/bin/nvcc
Running on host: gpu4001
CUDA devices: 1
Mon Sep 29 09:13:00 2025       
+-----------------------------------------------------------------------------------------+
| NVIDIA-SMI 550.54.14              Driver Version: 550.54.14      CUDA Version: 12.4     |
|-----------------------------------------+------------------------+----------------------+
| GPU  Name                 Persistence-M | Bus-Id          Disp.A | Volatile Uncorr. ECC |
| Fan  Temp   Perf          Pwr:Usage/Cap |           Memory-Usage | GPU-Util  Compute M. |
|                                         |                        |               MIG M. |
|=========================================+========================+======================|
|   0  Tesla V100-SXM2-16GB           Off |   00000000:1A:00.0 Off |                  Off |
| N/A   48C    P0            177W /  300W |     589MiB /  16384MiB |     57%      Default |
|                                         |                        |                  N/A |
+-----------------------------------------+------------------------+----------------------+
|   1  Tesla V100-SXM2-16GB           Off |   00000000:1C:00.0 Off |                  Off |
| N/A   33C    P0             54W /  300W |       0MiB /  16384MiB |      1%      Default |
|                                         |                        |                  N/A |
+-----------------------------------------+------------------------+----------------------+
|   2  Tesla V100-SXM2-16GB           Off |   00000000:1D:00.0 Off |                  Off |
| N/A   49C    P0            242W /  300W |    1291MiB /  16384MiB |     99%      Default |
|                                         |                        |                  N/A |
+-----------------------------------------+------------------------+----------------------+
|   3  Tesla V100-SXM2-16GB           Off |   00000000:1E:00.0 Off |                  Off |
| N/A   56C    P0            236W /  300W |    1291MiB /  16384MiB |     98%      Default |
|                                         |                        |                  N/A |
+-----------------------------------------+------------------------+----------------------+
                                                                                         
+-----------------------------------------------------------------------------------------+
| Processes:                                                                              |
|  GPU   GI   CI        PID   Type   Process name                              GPU Memory |
|        ID   ID                                                               Usage      |
|=========================================================================================|
|    0   N/A  N/A    245371      C   ...pc/chem/gpu/amber/18/bin/pmemd.cuda        586MiB |
|    2   N/A  N/A    357937      C   ...pc/chem/gpu/amber/18/bin/pmemd.cuda       1288MiB |
|    3   N/A  N/A    153418      C   ...pc/chem/gpu/amber/18/bin/pmemd.cuda       1288MiB |
+-----------------------------------------------------------------------------------------+
is available: True

version: 12.1

device name: Tesla V100-SXM2-16GB

GPU memory: 15.77 GB
Using batch size: 1
xformers not available ?
Saved 4 images as a grid: Vincent Van Gogh, Vase With Carnations And Other Flowers 1886_grid.png
